=== puma startup: 2016-03-05 11:27:01 -0700 ===
[2039] * Starting control server on unix:///tmp/puma-status-1457202421385-2039
[2039] - Worker 0 (pid: 2130) booted, phase: 0
=== puma startup: 2016-03-05 12:58:54 -0700 ===
[37022] * Starting control server on unix:///var/folders/4h/z8qg_6396xs0cl6wmvg7cllm0000gn/T/puma-status-1457207934040-37022
[37022] - Worker 0 (pid: 37023) booted, phase: 0


Started GET "/" for ::1 at 2016-03-05 12:58:58 -0700

ActiveRecord::NoDatabaseError (FATAL:  database "nicolemeachamhair_development" does not exist
):
  activerecord (4.2.5.1) lib/active_record/connection_adapters/postgresql_adapter.rb:661:in `rescue in connect'
  activerecord (4.2.5.1) lib/active_record/connection_adapters/postgresql_adapter.rb:651:in `connect'
  activerecord (4.2.5.1) lib/active_record/connection_adapters/postgresql_adapter.rb:242:in `initialize'
  activerecord (4.2.5.1) lib/active_record/connection_adapters/postgresql_adapter.rb:44:in `new'
  activerecord (4.2.5.1) lib/active_record/connection_adapters/postgresql_adapter.rb:44:in `postgresql_connection'
  activerecord (4.2.5.1) lib/active_record/connection_adapters/abstract/connection_pool.rb:438:in `new_connection'
  activerecord (4.2.5.1) lib/active_record/connection_adapters/abstract/connection_pool.rb:448:in `checkout_new_connection'
  activerecord (4.2.5.1) lib/active_record/connection_adapters/abstract/connection_pool.rb:422:in `acquire_connection'
  activerecord (4.2.5.1) lib/active_record/connection_adapters/abstract/connection_pool.rb:349:in `block in checkout'
  /Users/Marxmus/.rvm/rubies/ruby-2.0.0-p598/lib/ruby/2.0.0/monitor.rb:211:in `mon_synchronize'
  activerecord (4.2.5.1) lib/active_record/connection_adapters/abstract/connection_pool.rb:348:in `checkout'
  activerecord (4.2.5.1) lib/active_record/connection_adapters/abstract/connection_pool.rb:263:in `block in connection'
  /Users/Marxmus/.rvm/rubies/ruby-2.0.0-p598/lib/ruby/2.0.0/monitor.rb:211:in `mon_synchronize'
  activerecord (4.2.5.1) lib/active_record/connection_adapters/abstract/connection_pool.rb:262:in `connection'
  activerecord (4.2.5.1) lib/active_record/connection_adapters/abstract/connection_pool.rb:571:in `retrieve_connection'
  activerecord (4.2.5.1) lib/active_record/connection_handling.rb:113:in `retrieve_connection'
  activerecord (4.2.5.1) lib/active_record/connection_handling.rb:87:in `connection'
  activerecord (4.2.5.1) lib/active_record/migration.rb:383:in `connection'
  activerecord (4.2.5.1) lib/active_record/migration.rb:370:in `call'
  actionpack (4.2.5.1) lib/action_dispatch/middleware/callbacks.rb:29:in `block in call'
  activesupport (4.2.5.1) lib/active_support/callbacks.rb:88:in `__run_callbacks__'
  activesupport (4.2.5.1) lib/active_support/callbacks.rb:778:in `_run_call_callbacks'
  activesupport (4.2.5.1) lib/active_support/callbacks.rb:81:in `run_callbacks'
  actionpack (4.2.5.1) lib/action_dispatch/middleware/callbacks.rb:27:in `call'
  actionpack (4.2.5.1) lib/action_dispatch/middleware/reloader.rb:73:in `call'
  actionpack (4.2.5.1) lib/action_dispatch/middleware/remote_ip.rb:78:in `call'
  actionpack (4.2.5.1) lib/action_dispatch/middleware/debug_exceptions.rb:17:in `call'
  web-console (2.3.0) lib/web_console/middleware.rb:28:in `block in call'
  web-console (2.3.0) lib/web_console/middleware.rb:18:in `catch'
  web-console (2.3.0) lib/web_console/middleware.rb:18:in `call'
  actionpack (4.2.5.1) lib/action_dispatch/middleware/show_exceptions.rb:30:in `call'
  railties (4.2.5.1) lib/rails/rack/logger.rb:38:in `call_app'
  railties (4.2.5.1) lib/rails/rack/logger.rb:20:in `block in call'
  activesupport (4.2.5.1) lib/active_support/tagged_logging.rb:68:in `block in tagged'
  activesupport (4.2.5.1) lib/active_support/tagged_logging.rb:26:in `tagged'
  activesupport (4.2.5.1) lib/active_support/tagged_logging.rb:68:in `tagged'
  railties (4.2.5.1) lib/rails/rack/logger.rb:20:in `call'
  actionpack (4.2.5.1) lib/action_dispatch/middleware/request_id.rb:21:in `call'
  rack (1.6.4) lib/rack/methodoverride.rb:22:in `call'
  rack (1.6.4) lib/rack/runtime.rb:18:in `call'
  activesupport (4.2.5.1) lib/active_support/cache/strategy/local_cache_middleware.rb:28:in `call'
  rack (1.6.4) lib/rack/lock.rb:17:in `call'
  actionpack (4.2.5.1) lib/action_dispatch/middleware/static.rb:116:in `call'
  rack (1.6.4) lib/rack/sendfile.rb:113:in `call'
  railties (4.2.5.1) lib/rails/engine.rb:518:in `call'
  railties (4.2.5.1) lib/rails/application.rb:165:in `call'
  rack (1.6.4) lib/rack/content_length.rb:15:in `call'
  puma (3.0.2) lib/puma/configuration.rb:221:in `call'
  puma (3.0.2) lib/puma/server.rb:561:in `handle_request'
  puma (3.0.2) lib/puma/server.rb:406:in `process_client'
  puma (3.0.2) lib/puma/server.rb:271:in `block in run'
  puma (3.0.2) lib/puma/thread_pool.rb:111:in `call'
  puma (3.0.2) lib/puma/thread_pool.rb:111:in `block in spawn_thread'


  Rendered /Users/Marxmus/.rvm/gems/ruby-2.0.0-p598/gems/actionpack-4.2.5.1/lib/action_dispatch/middleware/templates/rescues/_source.erb (3.0ms)
  Rendered /Users/Marxmus/.rvm/gems/ruby-2.0.0-p598/gems/actionpack-4.2.5.1/lib/action_dispatch/middleware/templates/rescues/_trace.html.erb (1.6ms)
  Rendered /Users/Marxmus/.rvm/gems/ruby-2.0.0-p598/gems/actionpack-4.2.5.1/lib/action_dispatch/middleware/templates/rescues/_request_and_response.html.erb (1.0ms)
  Rendered /Users/Marxmus/.rvm/gems/ruby-2.0.0-p598/gems/actionpack-4.2.5.1/lib/action_dispatch/middleware/templates/rescues/diagnostics.html.erb within rescues/layout (23.8ms)
  Rendered /Users/Marxmus/.rvm/gems/ruby-2.0.0-p598/gems/web-console-2.3.0/lib/web_console/templates/_markup.html.erb (0.4ms)
  Rendered /Users/Marxmus/.rvm/gems/ruby-2.0.0-p598/gems/web-console-2.3.0/lib/web_console/templates/_inner_console_markup.html.erb within layouts/inlined_string (0.4ms)
  Rendered /Users/Marxmus/.rvm/gems/ruby-2.0.0-p598/gems/web-console-2.3.0/lib/web_console/templates/_prompt_box_markup.html.erb within layouts/inlined_string (0.4ms)
  Rendered /Users/Marxmus/.rvm/gems/ruby-2.0.0-p598/gems/web-console-2.3.0/lib/web_console/templates/style.css.erb within layouts/inlined_string (0.5ms)
  Rendered /Users/Marxmus/.rvm/gems/ruby-2.0.0-p598/gems/web-console-2.3.0/lib/web_console/templates/console.js.erb within layouts/javascript (26.1ms)
  Rendered /Users/Marxmus/.rvm/gems/ruby-2.0.0-p598/gems/web-console-2.3.0/lib/web_console/templates/main.js.erb within layouts/javascript (0.4ms)
  Rendered /Users/Marxmus/.rvm/gems/ruby-2.0.0-p598/gems/web-console-2.3.0/lib/web_console/templates/error_page.js.erb within layouts/javascript (0.6ms)
  Rendered /Users/Marxmus/.rvm/gems/ruby-2.0.0-p598/gems/web-console-2.3.0/lib/web_console/templates/index.html.erb (53.7ms)
[37022] - Gracefully shutting down workers...
[37022] === puma shutdown: 2016-03-05 12:59:13 -0700 ===
[37022] - Goodbye!
Exiting
=== puma startup: 2016-03-05 12:59:32 -0700 ===
[37032] * Starting control server on unix:///var/folders/4h/z8qg_6396xs0cl6wmvg7cllm0000gn/T/puma-status-1457207972279-37032
[37032] - Worker 0 (pid: 37033) booted, phase: 0


Started GET "/" for ::1 at 2016-03-05 12:59:33 -0700
Processing by WelcomeController#index as HTML
  Rendered welcome/index.html.erb within layouts/application (1770.1ms)
Completed 500 Internal Server Error in 1898ms (ActiveRecord: 0.0ms)

ActionView::Template::Error (Asset was not declared to be precompiled in production.
Add `Rails.application.config.assets.precompile += %w( welcome.css )` to `config/initializers/assets.rb` and restart your server):
    3: <head>
    4:   <title>Nicolemeachamhair</title>
    5:   <%= stylesheet_link_tag    'application', media: 'all', 'data-turbolinks-track' => true %>
    6:   <%= stylesheet_link_tag    params[:controller], media: 'all', 'data-turbolinks-track' => true %>
    7:   <%= javascript_include_tag 'application', 'data-turbolinks-track' => true %>
    8:   <%= favicon_link_tag 'favicon.png' %>
    9:   <%= csrf_meta_tags %>
  app/views/layouts/application.html.erb:6:in `_app_views_layouts_application_html_erb___2507178224476133684_70325132232040'


  Rendered /Users/Marxmus/.rvm/gems/ruby-2.0.0-p598/gems/actionpack-4.2.5.1/lib/action_dispatch/middleware/templates/rescues/_source.erb (6.9ms)
  Rendered /Users/Marxmus/.rvm/gems/ruby-2.0.0-p598/gems/actionpack-4.2.5.1/lib/action_dispatch/middleware/templates/rescues/_trace.html.erb (62.8ms)
  Rendered /Users/Marxmus/.rvm/gems/ruby-2.0.0-p598/gems/actionpack-4.2.5.1/lib/action_dispatch/middleware/templates/rescues/_request_and_response.html.erb (1.3ms)
  Rendered /Users/Marxmus/.rvm/gems/ruby-2.0.0-p598/gems/actionpack-4.2.5.1/lib/action_dispatch/middleware/templates/rescues/template_error.html.erb within rescues/layout (84.1ms)
  Rendered /Users/Marxmus/.rvm/gems/ruby-2.0.0-p598/gems/web-console-2.3.0/lib/web_console/templates/_markup.html.erb (0.4ms)
  Rendered /Users/Marxmus/.rvm/gems/ruby-2.0.0-p598/gems/web-console-2.3.0/lib/web_console/templates/_inner_console_markup.html.erb within layouts/inlined_string (0.2ms)
  Rendered /Users/Marxmus/.rvm/gems/ruby-2.0.0-p598/gems/web-console-2.3.0/lib/web_console/templates/_prompt_box_markup.html.erb within layouts/inlined_string (0.3ms)
  Rendered /Users/Marxmus/.rvm/gems/ruby-2.0.0-p598/gems/web-console-2.3.0/lib/web_console/templates/style.css.erb within layouts/inlined_string (0.2ms)
  Rendered /Users/Marxmus/.rvm/gems/ruby-2.0.0-p598/gems/web-console-2.3.0/lib/web_console/templates/console.js.erb within layouts/javascript (16.1ms)
  Rendered /Users/Marxmus/.rvm/gems/ruby-2.0.0-p598/gems/web-console-2.3.0/lib/web_console/templates/main.js.erb within layouts/javascript (0.2ms)
  Rendered /Users/Marxmus/.rvm/gems/ruby-2.0.0-p598/gems/web-console-2.3.0/lib/web_console/templates/error_page.js.erb within layouts/javascript (0.3ms)
  Rendered /Users/Marxmus/.rvm/gems/ruby-2.0.0-p598/gems/web-console-2.3.0/lib/web_console/templates/index.html.erb (33.9ms)
[37032] - Gracefully shutting down workers...
[37032] === puma shutdown: 2016-03-05 12:59:40 -0700 ===
[37032] - Goodbye!
Exiting
=== puma startup: 2016-03-05 12:59:53 -0700 ===
[37047] * Starting control server on unix:///var/folders/4h/z8qg_6396xs0cl6wmvg7cllm0000gn/T/puma-status-1457207993991-37047
[37047] - Worker 0 (pid: 37048) booted, phase: 0


Started GET "/" for ::1 at 2016-03-05 12:59:56 -0700
Processing by WelcomeController#index as HTML
  Rendered welcome/index.html.erb within layouts/application (274.7ms)
Completed 500 Internal Server Error in 383ms (ActiveRecord: 0.0ms)

ActionView::Template::Error (Asset was not declared to be precompiled in production.
Add `Rails.application.config.assets.precompile += %w( welcome.css )` to `config/initializers/assets.rb` and restart your server):
    3: <head>
    4:   <title>Nicolemeachamhair</title>
    5:   <%= stylesheet_link_tag    'application', media: 'all', 'data-turbolinks-track' => true %>
    6:   <%= stylesheet_link_tag    params[:controller], media: 'all', 'data-turbolinks-track' => true %>
    7:   <%= javascript_include_tag 'application', 'data-turbolinks-track' => true %>
    8:   <%= favicon_link_tag 'favicon.png' %>
    9:   <%= csrf_meta_tags %>
  app/views/layouts/application.html.erb:6:in `_app_views_layouts_application_html_erb__785120590682855424_70360115149060'


  Rendered /Users/Marxmus/.rvm/gems/ruby-2.0.0-p598/gems/actionpack-4.2.5.1/lib/action_dispatch/middleware/templates/rescues/_source.erb (5.3ms)
  Rendered /Users/Marxmus/.rvm/gems/ruby-2.0.0-p598/gems/actionpack-4.2.5.1/lib/action_dispatch/middleware/templates/rescues/_trace.html.erb (2.2ms)
  Rendered /Users/Marxmus/.rvm/gems/ruby-2.0.0-p598/gems/actionpack-4.2.5.1/lib/action_dispatch/middleware/templates/rescues/_request_and_response.html.erb (0.7ms)
  Rendered /Users/Marxmus/.rvm/gems/ruby-2.0.0-p598/gems/actionpack-4.2.5.1/lib/action_dispatch/middleware/templates/rescues/template_error.html.erb within rescues/layout (19.4ms)
  Rendered /Users/Marxmus/.rvm/gems/ruby-2.0.0-p598/gems/web-console-2.3.0/lib/web_console/templates/_markup.html.erb (0.3ms)
  Rendered /Users/Marxmus/.rvm/gems/ruby-2.0.0-p598/gems/web-console-2.3.0/lib/web_console/templates/_inner_console_markup.html.erb within layouts/inlined_string (0.2ms)
  Rendered /Users/Marxmus/.rvm/gems/ruby-2.0.0-p598/gems/web-console-2.3.0/lib/web_console/templates/_prompt_box_markup.html.erb within layouts/inlined_string (0.2ms)
  Rendered /Users/Marxmus/.rvm/gems/ruby-2.0.0-p598/gems/web-console-2.3.0/lib/web_console/templates/style.css.erb within layouts/inlined_string (0.3ms)
  Rendered /Users/Marxmus/.rvm/gems/ruby-2.0.0-p598/gems/web-console-2.3.0/lib/web_console/templates/console.js.erb within layouts/javascript (15.8ms)
  Rendered /Users/Marxmus/.rvm/gems/ruby-2.0.0-p598/gems/web-console-2.3.0/lib/web_console/templates/main.js.erb within layouts/javascript (0.3ms)
  Rendered /Users/Marxmus/.rvm/gems/ruby-2.0.0-p598/gems/web-console-2.3.0/lib/web_console/templates/error_page.js.erb within layouts/javascript (0.3ms)
  Rendered /Users/Marxmus/.rvm/gems/ruby-2.0.0-p598/gems/web-console-2.3.0/lib/web_console/templates/index.html.erb (33.0ms)
[37047] - Gracefully shutting down workers...
[37047] === puma shutdown: 2016-03-05 13:01:10 -0700 ===
[37047] - Goodbye!
Exiting
=== puma startup: 2016-03-05 13:01:14 -0700 ===
[37059] * Starting control server on unix:///var/folders/4h/z8qg_6396xs0cl6wmvg7cllm0000gn/T/puma-status-1457208074473-37059
[37059] - Worker 0 (pid: 37060) booted, phase: 0


Started GET "/" for ::1 at 2016-03-05 13:01:15 -0700
Processing by WelcomeController#index as HTML
  Rendered welcome/index.html.erb within layouts/application (379.0ms)
Completed 500 Internal Server Error in 503ms (ActiveRecord: 0.0ms)

ActionView::Template::Error (Asset was not declared to be precompiled in production.
Add `Rails.application.config.assets.precompile += %w( welcome.css )` to `config/initializers/assets.rb` and restart your server):
    3: <head>
    4:   <title>Nicolemeachamhair</title>
    5:   <%= stylesheet_link_tag    'application', media: 'all', 'data-turbolinks-track' => true %>
    6:   <%= stylesheet_link_tag    params[:controller], media: 'all', 'data-turbolinks-track' => true %>
    7:   <%= javascript_include_tag 'application', 'data-turbolinks-track' => true %>
    8:   <%= favicon_link_tag 'favicon.png' %>
    9:   <%= csrf_meta_tags %>
  app/views/layouts/application.html.erb:6:in `_app_views_layouts_application_html_erb__2089885666480452098_70139291912700'


  Rendered /Users/Marxmus/.rvm/gems/ruby-2.0.0-p598/gems/actionpack-4.2.5.1/lib/action_dispatch/middleware/templates/rescues/_source.erb (6.2ms)
  Rendered /Users/Marxmus/.rvm/gems/ruby-2.0.0-p598/gems/actionpack-4.2.5.1/lib/action_dispatch/middleware/templates/rescues/_trace.html.erb (2.2ms)
  Rendered /Users/Marxmus/.rvm/gems/ruby-2.0.0-p598/gems/actionpack-4.2.5.1/lib/action_dispatch/middleware/templates/rescues/_request_and_response.html.erb (0.7ms)
  Rendered /Users/Marxmus/.rvm/gems/ruby-2.0.0-p598/gems/actionpack-4.2.5.1/lib/action_dispatch/middleware/templates/rescues/template_error.html.erb within rescues/layout (19.9ms)
  Rendered /Users/Marxmus/.rvm/gems/ruby-2.0.0-p598/gems/web-console-2.3.0/lib/web_console/templates/_markup.html.erb (0.5ms)
  Rendered /Users/Marxmus/.rvm/gems/ruby-2.0.0-p598/gems/web-console-2.3.0/lib/web_console/templates/_inner_console_markup.html.erb within layouts/inlined_string (0.2ms)
  Rendered /Users/Marxmus/.rvm/gems/ruby-2.0.0-p598/gems/web-console-2.3.0/lib/web_console/templates/_prompt_box_markup.html.erb within layouts/inlined_string (0.3ms)
  Rendered /Users/Marxmus/.rvm/gems/ruby-2.0.0-p598/gems/web-console-2.3.0/lib/web_console/templates/style.css.erb within layouts/inlined_string (0.2ms)
  Rendered /Users/Marxmus/.rvm/gems/ruby-2.0.0-p598/gems/web-console-2.3.0/lib/web_console/templates/console.js.erb within layouts/javascript (15.7ms)
  Rendered /Users/Marxmus/.rvm/gems/ruby-2.0.0-p598/gems/web-console-2.3.0/lib/web_console/templates/main.js.erb within layouts/javascript (0.2ms)
  Rendered /Users/Marxmus/.rvm/gems/ruby-2.0.0-p598/gems/web-console-2.3.0/lib/web_console/templates/error_page.js.erb within layouts/javascript (0.4ms)
  Rendered /Users/Marxmus/.rvm/gems/ruby-2.0.0-p598/gems/web-console-2.3.0/lib/web_console/templates/index.html.erb (35.5ms)
[37059] - Gracefully shutting down workers...
[37059] === puma shutdown: 2016-03-05 13:01:22 -0700 ===
[37059] - Goodbye!
Exiting
=== puma startup: 2016-03-05 13:02:03 -0700 ===
[37075] * Starting control server on unix:///var/folders/4h/z8qg_6396xs0cl6wmvg7cllm0000gn/T/puma-status-1457208123527-37075
[37075] - Worker 0 (pid: 37076) booted, phase: 0


Started GET "/" for ::1 at 2016-03-05 13:02:05 -0700
Processing by WelcomeController#index as HTML
  Rendered welcome/index.html.erb within layouts/application (315.0ms)
  Rendered layouts/_nav.html.erb (0.7ms)
  Rendered layouts/_footer.html.erb (31.6ms)
Completed 500 Internal Server Error in 583ms (ActiveRecord: 0.0ms)

ActionView::Template::Error (Asset was not declared to be precompiled in production.
Add `Rails.application.config.assets.precompile += %w( bootstrap.min.js )` to `config/initializers/assets.rb` and restart your server):
    5: <!-- jQuery (necessary for Bootstrap's JavaScript plugins) -->
    6: <script src="https://ajax.googleapis.com/ajax/libs/jquery/1.11.3/jquery.min.js"></script>
    7: <!-- Include all compiled plugins (below), or include individual files as needed -->
    8: <%= javascript_include_tag "bootstrap.min" %>
  app/views/layouts/_footer.html.erb:8:in `_app_views_layouts__footer_html_erb___749041776322498974_70267453247740'
  app/views/layouts/application.html.erb:16:in `_app_views_layouts_application_html_erb__2775377250005291544_70267452937860'


  Rendered /Users/Marxmus/.rvm/gems/ruby-2.0.0-p598/gems/actionpack-4.2.5.1/lib/action_dispatch/middleware/templates/rescues/_source.erb (5.9ms)
  Rendered /Users/Marxmus/.rvm/gems/ruby-2.0.0-p598/gems/actionpack-4.2.5.1/lib/action_dispatch/middleware/templates/rescues/_trace.html.erb (2.2ms)
  Rendered /Users/Marxmus/.rvm/gems/ruby-2.0.0-p598/gems/actionpack-4.2.5.1/lib/action_dispatch/middleware/templates/rescues/_request_and_response.html.erb (0.7ms)
  Rendered /Users/Marxmus/.rvm/gems/ruby-2.0.0-p598/gems/actionpack-4.2.5.1/lib/action_dispatch/middleware/templates/rescues/template_error.html.erb within rescues/layout (19.9ms)
  Rendered /Users/Marxmus/.rvm/gems/ruby-2.0.0-p598/gems/web-console-2.3.0/lib/web_console/templates/_markup.html.erb (0.3ms)
  Rendered /Users/Marxmus/.rvm/gems/ruby-2.0.0-p598/gems/web-console-2.3.0/lib/web_console/templates/_inner_console_markup.html.erb within layouts/inlined_string (0.3ms)
  Rendered /Users/Marxmus/.rvm/gems/ruby-2.0.0-p598/gems/web-console-2.3.0/lib/web_console/templates/_prompt_box_markup.html.erb within layouts/inlined_string (0.2ms)
  Rendered /Users/Marxmus/.rvm/gems/ruby-2.0.0-p598/gems/web-console-2.3.0/lib/web_console/templates/style.css.erb within layouts/inlined_string (0.3ms)
  Rendered /Users/Marxmus/.rvm/gems/ruby-2.0.0-p598/gems/web-console-2.3.0/lib/web_console/templates/console.js.erb within layouts/javascript (16.7ms)
  Rendered /Users/Marxmus/.rvm/gems/ruby-2.0.0-p598/gems/web-console-2.3.0/lib/web_console/templates/main.js.erb within layouts/javascript (0.2ms)
  Rendered /Users/Marxmus/.rvm/gems/ruby-2.0.0-p598/gems/web-console-2.3.0/lib/web_console/templates/error_page.js.erb within layouts/javascript (0.4ms)
  Rendered /Users/Marxmus/.rvm/gems/ruby-2.0.0-p598/gems/web-console-2.3.0/lib/web_console/templates/index.html.erb (33.0ms)
[37075] - Gracefully shutting down workers...
[37075] === puma shutdown: 2016-03-05 13:02:54 -0700 ===
[37075] - Goodbye!
Exiting
=== puma startup: 2016-03-05 13:03:03 -0700 ===
[37090] * Starting control server on unix:///var/folders/4h/z8qg_6396xs0cl6wmvg7cllm0000gn/T/puma-status-1457208183106-37090
[37090] - Worker 0 (pid: 37091) booted, phase: 0


Started GET "/" for ::1 at 2016-03-05 13:03:03 -0700
Processing by WelcomeController#index as HTML
  Rendered welcome/index.html.erb within layouts/application (329.2ms)
  Rendered layouts/_nav.html.erb (0.8ms)
  Rendered layouts/_footer.html.erb (31.4ms)
Completed 500 Internal Server Error in 482ms (ActiveRecord: 0.0ms)

ActionView::Template::Error (Asset was not declared to be precompiled in production.
Add `Rails.application.config.assets.precompile += %w( bootstrap.min.js )` to `config/initializers/assets.rb` and restart your server):
    5: <!-- jQuery (necessary for Bootstrap's JavaScript plugins) -->
    6: <script src="https://ajax.googleapis.com/ajax/libs/jquery/1.11.3/jquery.min.js"></script>
    7: <!-- Include all compiled plugins (below), or include individual files as needed -->
    8: <%= javascript_include_tag "bootstrap.min" %>
  app/views/layouts/_footer.html.erb:8:in `_app_views_layouts__footer_html_erb___2841217234043410739_70160040204960'
  app/views/layouts/application.html.erb:16:in `_app_views_layouts_application_html_erb___2742000832094087222_70159992002520'


  Rendered /Users/Marxmus/.rvm/gems/ruby-2.0.0-p598/gems/actionpack-4.2.5.1/lib/action_dispatch/middleware/templates/rescues/_source.erb (6.9ms)
  Rendered /Users/Marxmus/.rvm/gems/ruby-2.0.0-p598/gems/actionpack-4.2.5.1/lib/action_dispatch/middleware/templates/rescues/_trace.html.erb (2.4ms)
  Rendered /Users/Marxmus/.rvm/gems/ruby-2.0.0-p598/gems/actionpack-4.2.5.1/lib/action_dispatch/middleware/templates/rescues/_request_and_response.html.erb (0.7ms)
  Rendered /Users/Marxmus/.rvm/gems/ruby-2.0.0-p598/gems/actionpack-4.2.5.1/lib/action_dispatch/middleware/templates/rescues/template_error.html.erb within rescues/layout (21.9ms)
  Rendered /Users/Marxmus/.rvm/gems/ruby-2.0.0-p598/gems/web-console-2.3.0/lib/web_console/templates/_markup.html.erb (0.4ms)
  Rendered /Users/Marxmus/.rvm/gems/ruby-2.0.0-p598/gems/web-console-2.3.0/lib/web_console/templates/_inner_console_markup.html.erb within layouts/inlined_string (0.3ms)
  Rendered /Users/Marxmus/.rvm/gems/ruby-2.0.0-p598/gems/web-console-2.3.0/lib/web_console/templates/_prompt_box_markup.html.erb within layouts/inlined_string (0.4ms)
  Rendered /Users/Marxmus/.rvm/gems/ruby-2.0.0-p598/gems/web-console-2.3.0/lib/web_console/templates/style.css.erb within layouts/inlined_string (0.3ms)
  Rendered /Users/Marxmus/.rvm/gems/ruby-2.0.0-p598/gems/web-console-2.3.0/lib/web_console/templates/console.js.erb within layouts/javascript (18.9ms)
  Rendered /Users/Marxmus/.rvm/gems/ruby-2.0.0-p598/gems/web-console-2.3.0/lib/web_console/templates/main.js.erb within layouts/javascript (0.2ms)
  Rendered /Users/Marxmus/.rvm/gems/ruby-2.0.0-p598/gems/web-console-2.3.0/lib/web_console/templates/error_page.js.erb within layouts/javascript (0.6ms)
  Rendered /Users/Marxmus/.rvm/gems/ruby-2.0.0-p598/gems/web-console-2.3.0/lib/web_console/templates/index.html.erb (35.8ms)
[37090] - Gracefully shutting down workers...
[37090] === puma shutdown: 2016-03-05 13:03:18 -0700 ===
[37090] - Goodbye!
Exiting
=== puma startup: 2016-03-05 13:03:20 -0700 ===
[37098] * Starting control server on unix:///var/folders/4h/z8qg_6396xs0cl6wmvg7cllm0000gn/T/puma-status-1457208200928-37098
[37098] - Worker 0 (pid: 37099) booted, phase: 0


Started GET "/" for ::1 at 2016-03-05 13:03:22 -0700
Processing by WelcomeController#index as HTML
  Rendered welcome/index.html.erb within layouts/application (336.3ms)
  Rendered layouts/_nav.html.erb (0.8ms)
  Rendered layouts/_footer.html.erb (29.0ms)
Completed 500 Internal Server Error in 487ms (ActiveRecord: 0.0ms)

ActionView::Template::Error (Asset was not declared to be precompiled in production.
Add `Rails.application.config.assets.precompile += %w( bootstrap.min.js )` to `config/initializers/assets.rb` and restart your server):
    5: <!-- jQuery (necessary for Bootstrap's JavaScript plugins) -->
    6: <script src="https://ajax.googleapis.com/ajax/libs/jquery/1.11.3/jquery.min.js"></script>
    7: <!-- Include all compiled plugins (below), or include individual files as needed -->
    8: <%= javascript_include_tag "bootstrap.min" %>
  app/views/layouts/_footer.html.erb:8:in `_app_views_layouts__footer_html_erb__2280923421808543019_70321017500980'
  app/views/layouts/application.html.erb:16:in `_app_views_layouts_application_html_erb___855943406291650360_70321009266600'


  Rendered /Users/Marxmus/.rvm/gems/ruby-2.0.0-p598/gems/actionpack-4.2.5.1/lib/action_dispatch/middleware/templates/rescues/_source.erb (6.7ms)
  Rendered /Users/Marxmus/.rvm/gems/ruby-2.0.0-p598/gems/actionpack-4.2.5.1/lib/action_dispatch/middleware/templates/rescues/_trace.html.erb (2.3ms)
  Rendered /Users/Marxmus/.rvm/gems/ruby-2.0.0-p598/gems/actionpack-4.2.5.1/lib/action_dispatch/middleware/templates/rescues/_request_and_response.html.erb (0.8ms)
  Rendered /Users/Marxmus/.rvm/gems/ruby-2.0.0-p598/gems/actionpack-4.2.5.1/lib/action_dispatch/middleware/templates/rescues/template_error.html.erb within rescues/layout (21.2ms)
  Rendered /Users/Marxmus/.rvm/gems/ruby-2.0.0-p598/gems/web-console-2.3.0/lib/web_console/templates/_markup.html.erb (0.3ms)
  Rendered /Users/Marxmus/.rvm/gems/ruby-2.0.0-p598/gems/web-console-2.3.0/lib/web_console/templates/_inner_console_markup.html.erb within layouts/inlined_string (0.2ms)
  Rendered /Users/Marxmus/.rvm/gems/ruby-2.0.0-p598/gems/web-console-2.3.0/lib/web_console/templates/_prompt_box_markup.html.erb within layouts/inlined_string (0.2ms)
  Rendered /Users/Marxmus/.rvm/gems/ruby-2.0.0-p598/gems/web-console-2.3.0/lib/web_console/templates/style.css.erb within layouts/inlined_string (0.3ms)
  Rendered /Users/Marxmus/.rvm/gems/ruby-2.0.0-p598/gems/web-console-2.3.0/lib/web_console/templates/console.js.erb within layouts/javascript (70.9ms)
  Rendered /Users/Marxmus/.rvm/gems/ruby-2.0.0-p598/gems/web-console-2.3.0/lib/web_console/templates/main.js.erb within layouts/javascript (0.3ms)
  Rendered /Users/Marxmus/.rvm/gems/ruby-2.0.0-p598/gems/web-console-2.3.0/lib/web_console/templates/error_page.js.erb within layouts/javascript (0.3ms)
  Rendered /Users/Marxmus/.rvm/gems/ruby-2.0.0-p598/gems/web-console-2.3.0/lib/web_console/templates/index.html.erb (86.2ms)
[37098] - Gracefully shutting down workers...
[37098] === puma shutdown: 2016-03-05 13:03:45 -0700 ===
[37098] - Goodbye!
Exiting
=== puma startup: 2016-03-05 13:03:49 -0700 ===
[37107] * Starting control server on unix:///var/folders/4h/z8qg_6396xs0cl6wmvg7cllm0000gn/T/puma-status-1457208229365-37107
[37107] - Worker 0 (pid: 37108) booted, phase: 0


Started GET "/" for ::1 at 2016-03-05 13:03:50 -0700
Processing by WelcomeController#index as HTML
  Rendered welcome/index.html.erb within layouts/application (332.6ms)
  Rendered layouts/_nav.html.erb (0.7ms)
  Rendered layouts/_footer.html.erb (3.3ms)
Completed 200 OK in 457ms (Views: 449.0ms | ActiveRecord: 0.0ms)


Started GET "/assets/main.self-f5214a64320b6a3771aa823f042252261529f37c5d16c0b10103dbdab5f94a69.css?body=1" for ::1 at 2016-03-05 13:03:50 -0700


Started GET "/assets/application.self-06b88df0d17c0fa1d0437ce2f5d9616110d0679113da96332b206f0c0765c509.css?body=1" for ::1 at 2016-03-05 13:03:50 -0700


Started GET "/assets/bootstrap.min.self-6655d1384d1509415d234003e6f81cf5de3d688790aaadc1091aa5bb5795b1f1.css?body=1" for ::1 at 2016-03-05 13:03:50 -0700


Started GET "/assets/contact.self-629b33f2142790839753156faedf9010a49ebf734a20f4664e5065cedaff94c5.css?body=1" for ::1 at 2016-03-05 13:03:50 -0700


Started GET "/assets/application.self-545c38b0922de19734fbffde62792c37c2aef6a3216cfa472449173165220f7d.js?body=1" for ::1 at 2016-03-05 13:03:50 -0700


Started GET "/assets/welcome.self-e3b0c44298fc1c149afbf4c8996fb92427ae41e4649b934ca495991b7852b855.css?body=1" for ::1 at 2016-03-05 13:03:50 -0700


Started GET "/assets/bootstrap-theme.min.self-9d66c8257854598a8bb867788558ea1daa20065a3fe9a827b5ed3fea25b98ba3.css?body=1" for ::1 at 2016-03-05 13:03:50 -0700


Started GET "/assets/jquery.self-c64a74367bda6ef8b860f19e74df08927ca99d2be2ac934e9e92d5fd361e0da4.js?body=1" for ::1 at 2016-03-05 13:03:50 -0700


Started GET "/assets/jquery_ujs.self-d602bdfe68ffc63b9f9cc512872aa3cfff046228a0a36e90dd476e8ef54c1b09.js?body=1" for ::1 at 2016-03-05 13:03:50 -0700


Started GET "/assets/turbolinks.self-c37727e9bd6b2735da5c311aa83fead54ed0be6cc8bd9a65309e9c5abe2cbfff.js?body=1" for ::1 at 2016-03-05 13:03:50 -0700


Started GET "/assets/bootstrap.self-6c92f650931beefe48977f272b7015d6b9b45da8b09831ebf88e05193c12d355.js?body=1" for ::1 at 2016-03-05 13:03:50 -0700


Started GET "/assets/bootstrap.min.self-075878ec6a19d24f3b46052eb9e0e5bb5c2a098ac50d05d8e3a21309d129273a.js?body=1" for ::1 at 2016-03-05 13:03:50 -0700


Started GET "/assets/npm.self-f66d504f2cd5bddaaade9c854b02828e5e46d225517ab9feebe1af2615566b1e.js?body=1" for ::1 at 2016-03-05 13:03:50 -0700


Started GET "/assets/Italianno-Regular-OTF.otf" for ::1 at 2016-03-05 13:03:50 -0700
[37107] - Gracefully shutting down workers...
[37107] === puma shutdown: 2016-03-05 13:05:44 -0700 ===
[37107] - Goodbye!
Exiting
